# JRE version: OpenJDK Runtime Environment (8.0_152-b29) (build 1.8.0_152-release-1136-b29)
# Java VM: OpenJDK 64-Bit Server VM (25.152-b29 mixed mode linux-amd64 compressed oops)
Heap:
 par new generation   total 118016K, used 14428K [0x0000000083000000, 0x000000008b000000, 0x000000008b000000)
  eden space 104960K,   1% used [0x0000000083000000, 0x0000000083157250, 0x0000000089680000)
  from space 13056K, 100% used [0x0000000089680000, 0x000000008a340000, 0x000000008a340000)
  to   space 13056K,   0% used [0x000000008a340000, 0x000000008a340000, 0x000000008b000000)
 concurrent mark-sweep generation total 131072K, used 121149K [0x000000008b000000, 0x0000000093000000, 0x0000000100000000)
 Metaspace       used 166240K, capacity 176604K, committed 176764K, reserved 1202176K
  class space    used 21992K, capacity 23920K, committed 23932K, reserved 1048576K
GC Heap History (10 events):
Event: 195.923 GC heap before
{Heap before GC invocations=21 (full 3):
 par new generation   total 118016K, used 14483K [0x0000000083000000, 0x000000008b000000, 0x000000008b000000)
  eden space 104960K,   2% used [0x0000000083000000, 0x000000008324fd08, 0x0000000089680000)
  from space 13056K,  92% used [0x000000008a340000, 0x000000008af15088, 0x000000008b000000)
  to   space 13056K,   0% used [0x0000000089680000, 0x0000000089680000, 0x000000008a340000)
 concurrent mark-sweep generation total 131072K, used 109175K [0x000000008b000000, 0x0000000093000000, 0x0000000100000000)
 Metaspace       used 152317K, capacity 161966K, committed 162172K, reserved 1189888K
  class space    used 20001K, capacity 21843K, committed 21884K, reserved 1048576K
Event: 195.978 GC heap after
Heap after GC invocations=22 (full 3):
 par new generation   total 118016K, used 7824K [0x0000000083000000, 0x000000008b000000, 0x000000008b000000)
  eden space 104960K,   0% used [0x0000000083000000, 0x0000000083000000, 0x0000000089680000)
  from space 13056K,  59% used [0x0000000089680000, 0x0000000089e24320, 0x000000008a340000)
  to   space 13056K,   0% used [0x000000008a340000, 0x000000008a340000, 0x000000008b000000)
 concurrent mark-sweep generation total 131072K, used 112072K [0x000000008b000000, 0x0000000093000000, 0x0000000100000000)
 Metaspace       used 152317K, capacity 161966K, committed 162172K, reserved 1189888K
  class space    used 20001K, capacity 21843K, committed 21884K, reserved 1048576K
}
Event: 261.180 GC heap before
{Heap before GC invocations=22 (full 3):
 par new generation   total 118016K, used 112784K [0x0000000083000000, 0x000000008b000000, 0x000000008b000000)
  eden space 104960K, 100% used [0x0000000083000000, 0x0000000089680000, 0x0000000089680000)
  from space 13056K,  59% used [0x0000000089680000, 0x0000000089e24320, 0x000000008a340000)
  to   space 13056K,   0% used [0x000000008a340000, 0x000000008a340000, 0x000000008b000000)
 concurrent mark-sweep generation total 131072K, used 112072K [0x000000008b000000, 0x0000000093000000, 0x0000000100000000)
 Metaspace       used 156260K, capacity 165952K, committed 166140K, reserved 1193984K
  class space    used 20681K, capacity 22518K, committed 22524K, reserved 1048576K
Event: 261.221 GC heap after
Heap after GC invocations=23 (full 3):
 par new generation   total 118016K, used 13056K [0x0000000083000000, 0x000000008b000000, 0x000000008b000000)
  eden space 104960K,   0% used [0x0000000083000000, 0x0000000083000000, 0x0000000089680000)
  from space 13056K, 100% used [0x000000008a340000, 0x000000008b000000, 0x000000008b000000)
  to   space 13056K,   0% used [0x0000000089680000, 0x0000000089680000, 0x000000008a340000)
 concurrent mark-sweep generation total 131072K, used 112370K [0x000000008b000000, 0x0000000093000000, 0x0000000100000000)
 Metaspace       used 156260K, capacity 165952K, committed 166140K, reserved 1193984K
  class space    used 20681K, capacity 22518K, committed 22524K, reserved 1048576K
}
Event: 325.498 GC heap before
{Heap before GC invocations=23 (full 3):
 par new generation   total 118016K, used 118016K [0x0000000083000000, 0x000000008b000000, 0x000000008b000000)
  eden space 104960K, 100% used [0x0000000083000000, 0x0000000089680000, 0x0000000089680000)
  from space 13056K, 100% used [0x000000008a340000, 0x000000008b000000, 0x000000008b000000)
  to   space 13056K,   0% used [0x0000000089680000, 0x0000000089680000, 0x000000008a340000)
 concurrent mark-sweep generation total 131072K, used 112370K [0x000000008b000000, 0x0000000093000000, 0x0000000100000000)
 Metaspace       used 162681K, capacity 172944K, committed 173052K, reserved 1200128K
  class space    used 21574K, capacity 23500K, committed 23548K, reserved 1048576K
Event: 325.533 GC heap after
Heap after GC invocations=24 (full 3):
 par new generation   total 118016K, used 11154K [0x0000000083000000, 0x000000008b000000, 0x000000008b000000)
  eden space 104960K,   0% used [0x0000000083000000, 0x0000000083000000, 0x0000000089680000)
  from space 13056K,  85% used [0x0000000089680000, 0x000000008a1649a8, 0x000000008a340000)
  to   space 13056K,   0% used [0x000000008a340000, 0x000000008a340000, 0x000000008b000000)
 concurrent mark-sweep generation total 131072K, used 116077K [0x000000008b000000, 0x0000000093000000, 0x0000000100000000)
 Metaspace       used 162681K, capacity 172944K, committed 173052K, reserved 1200128K
  class space    used 21574K, capacity 23500K, committed 23548K, reserved 1048576K
}
Event: 358.027 GC heap before
{Heap before GC invocations=24 (full 3):
 par new generation   total 118016K, used 116114K [0x0000000083000000, 0x000000008b000000, 0x000000008b000000)
  eden space 104960K, 100% used [0x0000000083000000, 0x0000000089680000, 0x0000000089680000)
  from space 13056K,  85% used [0x0000000089680000, 0x000000008a1649a8, 0x000000008a340000)
  to   space 13056K,   0% used [0x000000008a340000, 0x000000008a340000, 0x000000008b000000)
 concurrent mark-sweep generation total 131072K, used 116077K [0x000000008b000000, 0x0000000093000000, 0x0000000100000000)
 Metaspace       used 166061K, capacity 176456K, committed 176508K, reserved 1202176K
  class space    used 21983K, capacity 23916K, committed 23932K, reserved 1048576K
Event: 358.054 GC heap after
Heap after GC invocations=25 (full 3):
 par new generation   total 118016K, used 10717K [0x0000000083000000, 0x000000008b000000, 0x000000008b000000)
  eden space 104960K,   0% used [0x0000000083000000, 0x0000000083000000, 0x0000000089680000)
  from space 13056K,  82% used [0x000000008a340000, 0x000000008adb7568, 0x000000008b000000)
  to   space 13056K,   0% used [0x0000000089680000, 0x0000000089680000, 0x000000008a340000)
 concurrent mark-sweep generation total 131072K, used 116077K [0x000000008b000000, 0x0000000093000000, 0x0000000100000000)
 Metaspace       used 166061K, capacity 176456K, committed 176508K, reserved 1202176K
  class space    used 21983K, capacity 23916K, committed 23932K, reserved 1048576K
}
Event: 359.910 GC heap before
{Heap before GC invocations=25 (full 3):
 par new generation   total 118016K, used 115677K [0x0000000083000000, 0x000000008b000000, 0x000000008b000000)
  eden space 104960K, 100% used [0x0000000083000000, 0x0000000089680000, 0x0000000089680000)
  from space 13056K,  82% used [0x000000008a340000, 0x000000008adb7568, 0x000000008b000000)
  to   space 13056K,   0% used [0x0000000089680000, 0x0000000089680000, 0x000000008a340000)
 concurrent mark-sweep generation total 131072K, used 116077K [0x000000008b000000, 0x0000000093000000, 0x0000000100000000)
 Metaspace       used 166216K, capacity 176604K, committed 176764K, reserved 1202176K
  class space    used 21988K, capacity 23920K, committed 23932K, reserved 1048576K
Event: 359.958 GC heap after
Heap after GC invocations=26 (full 3):
 par new generation   total 118016K, used 13056K [0x0000000083000000, 0x000000008b000000, 0x000000008b000000)
  eden space 104960K,   0% used [0x0000000083000000, 0x0000000083000000, 0x0000000089680000)
  from space 13056K, 100% used [0x0000000089680000, 0x000000008a340000, 0x000000008a340000)
  to   space 13056K,   0% used [0x000000008a340000, 0x000000008a340000, 0x000000008b000000)
 concurrent mark-sweep generation total 131072K, used 121149K [0x000000008b000000, 0x0000000093000000, 0x0000000100000000)
 Metaspace       used 166216K, capacity 176604K, committed 176764K, reserved 1202176K
  class space    used 21988K, capacity 23920K, committed 23932K, reserved 1048576K
}

